<?xml version="1.0" encoding="UTF-8"?>
<!-- Generated by org.testng.reporters.JUnitReportReporter -->
<testsuite hostname="DESKTOP-LRE1CSU" failures="0" tests="1" name="testCases.TC002_LoginTest" time="2.843" errors="0" timestamp="2025-07-03T16:28:14 MDT" skipped="0">
  <testcase classname="testCases.TC002_LoginTest" name="ValidLoginTest" time="2.843"/>
</testsuite> <!-- testCases.TC002_LoginTest -->
