<?xml version="1.0" encoding="UTF-8"?>
<!-- Generated by org.testng.reporters.JUnitReportReporter -->
<testsuite hostname="DESKTOP-LRE1CSU" failures="0" tests="1" name="testCases.TC002_LoginTest" time="2.540" errors="0" timestamp="2025-06-27T17:27:29 MDT" skipped="0">
  <testcase classname="testCases.TC002_LoginTest" name="ValidLoginTest" time="2.540"/>
</testsuite> <!-- testCases.TC002_LoginTest -->
