<?xml version="1.0" encoding="UTF-8"?>
<!-- Generated by org.testng.reporters.JUnitReportReporter -->
<testsuite hostname="DESKTOP-LRE1CSU" failures="0" tests="1" name="testCases.TC001_AccountRegistrationTest" time="17.783" errors="0" timestamp="2025-06-27T17:30:22 MDT" skipped="0">
  <testcase classname="testCases.TC001_AccountRegistrationTest" name="verifyRegistration" time="17.783"/>
</testsuite> <!-- testCases.TC001_AccountRegistrationTest -->
