<?xml version="1.0" encoding="UTF-8"?>
<!-- Generated by org.testng.reporters.JUnitReportReporter -->
<testsuite hostname="DESKTOP-LRE1CSU" failures="0" tests="2" name="testCases.TC001_AccountRegistrationTest" time="27.446" errors="0" timestamp="2025-07-11T19:03:40 MDT" skipped="0">
  <testcase classname="testCases.TC001_AccountRegistrationTest" name="verifyRegistration" time="14.764"/>
  <testcase classname="testCases.TC001_AccountRegistrationTest" name="verifyRegistration" time="12.682"/>
</testsuite> <!-- testCases.TC001_AccountRegistrationTest -->
