<?xml version="1.0" encoding="UTF-8"?>
<!-- Generated by org.testng.reporters.JUnitReportReporter -->
<testsuite hostname="DESKTOP-LRE1CSU" failures="0" tests="3" name="testCases.TC001_AccountRegistrationTest" time="44.905" errors="0" timestamp="2025-07-11T19:19:52 MDT" skipped="0">
  <testcase classname="testCases.TC001_AccountRegistrationTest" name="verifyRegistration" time="14.374"/>
  <testcase classname="testCases.TC001_AccountRegistrationTest" name="verifyRegistration" time="13.351"/>
  <testcase classname="testCases.TC001_AccountRegistrationTest" name="verifyRegistration" time="17.180"/>
</testsuite> <!-- testCases.TC001_AccountRegistrationTest -->
