<?xml version="1.0" encoding="UTF-8"?>
<!-- Generated by org.testng.reporters.JUnitReportReporter -->
<testsuite hostname="DESKTOP-LRE1CSU" failures="0" tests="1" name="testCases.TC001_AccountRegistrationTest" time="12.696" errors="0" timestamp="2025-07-03T14:52:53 MDT" skipped="0">
  <testcase classname="testCases.TC001_AccountRegistrationTest" name="verifyRegistration" time="12.696"/>
</testsuite> <!-- testCases.TC001_AccountRegistrationTest -->
