<?xml version="1.0" encoding="UTF-8"?>
<!-- Generated by org.testng.reporters.JUnitReportReporter -->
<testsuite hostname="DESKTOP-LRE1CSU" failures="0" tests="1" name="testCases.TC001_AccountRegistrationTest" time="19.960" errors="0" timestamp="2025-07-03T16:36:02 MDT" skipped="0">
  <testcase classname="testCases.TC001_AccountRegistrationTest" name="verifyRegistration" time="19.960"/>
</testsuite> <!-- testCases.TC001_AccountRegistrationTest -->
