<?xml version="1.0" encoding="UTF-8"?>
<!-- Generated by org.testng.reporters.JUnitReportReporter -->
<testsuite hostname="DESKTOP-LRE1CSU" failures="0" tests="3" name="testCases.TC002_LoginTest" time="8.806" errors="0" timestamp="2025-07-11T19:19:52 MDT" skipped="0">
  <testcase classname="testCases.TC002_LoginTest" name="ValidLoginTest" time="2.748"/>
  <testcase classname="testCases.TC002_LoginTest" name="ValidLoginTest" time="2.519"/>
  <testcase classname="testCases.TC002_LoginTest" name="ValidLoginTest" time="3.539"/>
</testsuite> <!-- testCases.TC002_LoginTest -->
